<?xml version="1.0" encoding="UTF-8"?>
<!-- Generated by org.testng.reporters.JUnitReportReporter -->
<testsuite skipped="0" hostname="LAPTOP-HODGK5V9" name="test.DemoRegisterTest" tests="1" failures="0" timestamp="23 Sep 2018 05:06:44 GMT" time="21.327" errors="0">
  <testcase name="testRegisterPage" time="21.327" classname="test.DemoRegisterTest"/>
</testsuite> <!-- test.DemoRegisterTest -->
