<?xml version="1.0" encoding="UTF-8"?>
<!-- Generated by org.testng.reporters.JUnitReportReporter -->
<testsuite skipped="0" hostname="LAPTOP-HODGK5V9" name="test.DemoRegisterTest" tests="1" failures="0" timestamp="28 Sep 2018 16:15:12 GMT" time="23.988" errors="0">
  <testcase name="testRegisterPage" time="23.988" classname="test.DemoRegisterTest"/>
</testsuite> <!-- test.DemoRegisterTest -->
