<?xml version="1.0" encoding="UTF-8"?>
<!-- Generated by org.testng.reporters.JUnitReportReporter -->
<testsuite skipped="0" hostname="LAPTOP-HODGK5V9" name="test.GmailLoginTest" tests="1" failures="0" timestamp="28 Sep 2018 16:15:12 GMT" time="1.486" errors="0">
  <testcase name="testLogin" time="1.486" classname="test.GmailLoginTest"/>
</testsuite> <!-- test.GmailLoginTest -->
